<?xml version="1.0" encoding="UTF-8"?>
<testsuite name="com.imagepicker.testing.ImagePickerModuleTest" tests="1" skipped="0" failures="0" errors="0" timestamp="2019-06-17T11:58:03" hostname="492KX52-Lin" time="5.618">
  <properties/>
  <testcase name="testCancelTakingPhoto" classname="com.imagepicker.testing.ImagePickerModuleTest" time="5.618"/>
  <system-out><![CDATA[1
{didCancel=true}
class com.facebook.react.bridge.JavaOnlyMap
]]></system-out>
  <system-err><![CDATA[]]></system-err>
</testsuite>
