<?xml version="1.0" encoding="UTF-8"?>
<testsuite name="com.imagepicker.testing.media.ImageConfigTest" tests="4" skipped="0" failures="0" errors="0" timestamp="2019-06-17T11:58:09" hostname="492KX52-Lin" time="0.012">
  <properties/>
  <testcase name="testParsingOptions" classname="com.imagepicker.testing.media.ImageConfigTest" time="0.003"/>
  <testcase name="testGetActualFile" classname="com.imagepicker.testing.media.ImageConfigTest" time="0.003"/>
  <testcase name="testOnImmutable" classname="com.imagepicker.testing.media.ImageConfigTest" time="0.003"/>
  <testcase name="testUseOriginal" classname="com.imagepicker.testing.media.ImageConfigTest" time="0.003"/>
  <system-out><![CDATA[WARNING: No manifest file found at ./AndroidManifest.xml.
Falling back to the Android OS resources only.
To remove this warning, annotate your test class with @Config(manifest=Config.NONE).
]]></system-out>
  <system-err><![CDATA[]]></system-err>
</testsuite>
